<?xml version="1.0" encoding="UTF-8"?>
<testsuite name="searchengine.InvertedIndexTest" tests="4" skipped="0" failures="0" errors="0" timestamp="2022-12-14T19:53:29" hostname="Simons-MacBook-Pro.local" time="0.028">
  <properties/>
  <testcase name="lookUp_returnEmptySet()" classname="searchengine.InvertedIndexTest" time="0.002"/>
  <testcase name="makeInvertedIndex_buildEmptyIndex()" classname="searchengine.InvertedIndexTest" time="0.001"/>
  <testcase name="lookUp_return1page()" classname="searchengine.InvertedIndexTest" time="0.014"/>
  <testcase name="makeInvertedIndex_containsOneElement()" classname="searchengine.InvertedIndexTest" time="0.0"/>
  <system-out><![CDATA[]]></system-out>
  <system-err><![CDATA[]]></system-err>
</testsuite>
