<?xml version="1.0" encoding="UTF-8"?>
<testsuite name="searchengine.RefinedQueryTest" tests="2" skipped="0" failures="0" errors="0" timestamp="2022-12-14T19:53:29" hostname="Simons-MacBook-Pro.local" time="0.002">
  <properties/>
  <testcase name="getOverlap_nothingRetained()" classname="searchengine.RefinedQueryTest" time="0.001"/>
  <testcase name="buildPages_addPages()" classname="searchengine.RefinedQueryTest" time="0.001"/>
  <system-out><![CDATA[]]></system-out>
  <system-err><![CDATA[]]></system-err>
</testsuite>
