<?xml version="1.0" encoding="UTF-8"?>
<testsuite name="searchengine.IDFTest" tests="1" skipped="0" failures="0" errors="0" timestamp="2022-12-14T19:53:29" hostname="Simons-MacBook-Pro.local" time="0.003">
  <properties/>
  <testcase name="IDFScore_aboveZero()" classname="searchengine.IDFTest" time="0.003"/>
  <system-out><![CDATA[]]></system-out>
  <system-err><![CDATA[]]></system-err>
</testsuite>
