<?xml version="1.0" encoding="UTF-8"?>
<testsuite name="searchengine.TFTest" tests="2" skipped="0" failures="0" errors="0" timestamp="2022-12-14T19:53:31" hostname="Simons-MacBook-Pro.local" time="0.01">
  <properties/>
  <testcase name="TFScore_noWord()" classname="searchengine.TFTest" time="0.004"/>
  <testcase name="TFScore_WithOneWord()" classname="searchengine.TFTest" time="0.002"/>
  <system-out><![CDATA[]]></system-out>
  <system-err><![CDATA[]]></system-err>
</testsuite>
